生成启动时间为 2017/12/15 18:45:06。
     1>项目“D:\code\VS2015\offLoader\offLoader\offLoader.vcxproj”在节点 2 上(Build 个目标)。
     1>ClCompile:
         D:\Microsoft Visual Studio 2015\VC\bin\CL.exe /c /Zi /nologo /W3 /WX- /sdl /O2 /Oi /Oy- /GL /D WIN32 /D NDEBUG /D _CONSOLE /D _UNICODE /D UNICODE /D _CRT_SECURE_NO_WARNINGS /Gm- /EHsc /MTd /GS /Gy /fp:precise /Zc:wchar_t /Zc:forScope /Zc:inline /Fo"Release\\" /Fd"Release\vc140.pdb" /Gd /TP /analyze- /errorReport:prompt main.cpp offLoader.cpp
         main.cpp
     1>main.cpp(334): warning C4101: “mainmenu”: 未引用的局部变量
     1>main.cpp(333): warning C4101: “texturemenu”: 未引用的局部变量
         offLoader.cpp
     1>offLoader.cpp(44): warning C4018: “<”: 有符号/无符号不匹配
     1>offLoader.cpp(75): warning C4018: “<”: 有符号/无符号不匹配
     1>offLoader.cpp(95): warning C4018: “<”: 有符号/无符号不匹配
     1>offLoader.cpp(125): warning C4018: “<”: 有符号/无符号不匹配
     1>offLoader.cpp(211): warning C4018: “<”: 有符号/无符号不匹配
     1>offLoader.cpp(218): warning C4018: “<”: 有符号/无符号不匹配
     1>offLoader.cpp(229): warning C4018: “<”: 有符号/无符号不匹配
     1>offLoader.cpp(244): warning C4018: “<”: 有符号/无符号不匹配
     1>offLoader.cpp(297): warning C4018: “<”: 有符号/无符号不匹配
     1>offLoader.cpp(319): warning C4018: “<”: 有符号/无符号不匹配
     1>offLoader.cpp(331): warning C4018: “<”: 有符号/无符号不匹配
     1>offLoader.cpp(352): warning C4018: “<”: 有符号/无符号不匹配
     1>offLoader.cpp(471): warning C4018: “<”: 有符号/无符号不匹配
     1>offLoader.cpp(478): warning C4018: “<”: 有符号/无符号不匹配
       Link:
         D:\Microsoft Visual Studio 2015\VC\bin\link.exe /ERRORREPORT:PROMPT /OUT:"D:\code\VS2015\offLoader\Release\offLoader.exe" /INCREMENTAL:NO /NOLOGO /MANIFEST /MANIFESTUAC:"level='asInvoker' uiAccess='false'" /manifest:embed /manifestinput:"D:\Microsoft Visual Studio 2015\VC\Include\Manifest\dpiaware.manifest" /Debug /PDB:"D:\code\VS2015\offLoader\Release\offLoader.pdb" /SUBSYSTEM:CONSOLE /OPT:REF /OPT:ICF /LTCG:incremental /TLBID:1 /DYNAMICBASE /NXCOMPAT /IMPLIB:"D:\code\VS2015\offLoader\Release\offLoader.lib" /MACHINE:X86 /SAFESEH /SAFESEH:NO Release\main.obj
         Release\offLoader.obj
         正在生成代码
         722 of 1357 functions (53.2%) were compiled, the rest were copied from previous compilation.
           181 functions were new in current compilation
           33 functions had inline decision re-evaluated but remain unchanged
         已完成代码的生成
         offLoader.vcxproj -> D:\code\VS2015\offLoader\Release\offLoader.exe
     1>已完成生成项目“D:\code\VS2015\offLoader\offLoader\offLoader.vcxproj”(Build 个目标)的操作。

已成功生成。

已用时间 00:00:12.13
